<?xml version="1.0" encoding="UTF-8"?>
<beans 
	xmlns="http://www.springframework.org/schema/beans" 
	xmlns:xsi="http://www.w3.org/2001/XMLSchema-instance" 
	xmlns:tx="http://www.springframework.org/schema/tx"
    xmlns:jdbc="http://www.springframework.org/schema/jdbc" 
	xsi:schemaLocation="
		http://www.springframework.org/schema/beans http://www.springframework.org/schema/beans/spring-beans-3.2.xsd
		http://www.springframework.org/schema/tx http://www.springframework.org/schema/tx/spring-tx-3.2.xsd
		http://www.springframework.org/schema/jdbc http://www.springframework.org/schema/jdbc/spring-jdbc-3.0.xsd">

   <!-- in-memory database and a datasource -->
    <jdbc:embedded-database id="dataSource">
        <jdbc:script location="classpath:database/spring-tester-hsqldb-schema.sql"/>
        <jdbc:script location="classpath:database/spring-tester-hsqldb-dataload.sql"/>
    </jdbc:embedded-database>

	<bean id="sqlSessionFactory" class="org.mybatis.spring.SqlSessionFactoryBean">
		<property name="dataSource" ref="dataSource" />
		<property name="configLocation" value="classpath:/META-INF/mybatis/config.xml" />
		<property name="mapperLocations" value="classpath:/META-INF/mybatis/mapper/**/*.xml" />
		<property name="transactionFactory" ref="transactionFactory" />
		<property name="configurationProperties">
			<bean class="org.springframework.beans.factory.config.PropertiesFactoryBean">
				<property name="properties">
					<props>
						<prop key="defaultExecutorType">REUSE</prop>
						<prop key="defaultStatementTimeout">${db.queryTimeout}</prop>
					</props>
				</property>
			</bean>
		</property>
	</bean>

	<bean id="transactionFactory" class="study.hard.spring.core.commons.db.SpringManagedTransactionExtendedFactory">
		<property name="dataSource" ref="dataSource" />
	</bean>

	<bean id="transactionManager" class="org.springframework.jdbc.datasource.DataSourceTransactionManager">
		<property name="dataSource" ref="dataSource" />
		<property name="globalRollbackOnParticipationFailure" value="false" />
	</bean>
	
	<tx:annotation-driven transaction-manager="transactionManager" />

	<bean class="org.mybatis.spring.mapper.MapperScannerConfigurer">
		<property name="basePackage" value="study.hard.spring.core" />
		<property name="markerInterface" value="study.hard.spring.core.commons.db.AnnotationDAO" />
	</bean>

</beans>